<?xml version="1.0" encoding="utf-8"?><testsuites name="pytest tests"><testsuite name="pytest" errors="0" failures="0" skipped="0" tests="20" time="2.449" timestamp="2026-04-19T12:16:32.850830+00:00" hostname="agent-env-798cb38a-7e56-4623-915d-8b3c98e1bba6"><testcase classname="backend.tests.test_new_features.TestEmailService" name="test_email_status" time="0.495" /><testcase classname="backend.tests.test_new_features.TestEmailService" name="test_email_templates" time="0.080" /><testcase classname="backend.tests.test_new_features.TestEmailService" name="test_email_send_mock" time="0.082" /><testcase classname="backend.tests.test_new_features.TestEmailService" name="test_email_send_with_template" time="0.108" /><testcase classname="backend.tests.test_new_features.TestEmailService" name="test_email_send_requires_auth" time="0.081" /><testcase classname="backend.tests.test_new_features.TestMigrationEndpoints" name="test_migration_status" time="0.082" /><testcase classname="backend.tests.test_new_features.TestMigrationEndpoints" name="test_pending_migrations" time="0.081" /><testcase classname="backend.tests.test_new_features.TestMigrationEndpoints" name="test_schema_changelog" time="0.120" /><testcase classname="backend.tests.test_new_features.TestMigrationEndpoints" name="test_upgrade_path" time="0.094" /><testcase classname="backend.tests.test_new_features.TestMigrationEndpoints" name="test_migration_requires_sysadmin" time="0.085" /><testcase classname="backend.tests.test_new_features.TestCompanyAppAllocations" name="test_list_company_apps" time="0.087" /><testcase classname="backend.tests.test_new_features.TestCompanyAppAllocations" name="test_list_company_apps_filtered" time="0.081" /><testcase classname="backend.tests.test_new_features.TestCompanyAppAllocations" name="test_create_and_delete_allocation" time="0.256" /><testcase classname="backend.tests.test_new_features.TestCompanyAppAllocations" name="test_company_apps_requires_sysadmin" time="0.099" /><testcase classname="backend.tests.test_new_features.TestCompanyBranding" name="test_get_company_branding_public" time="0.092" /><testcase classname="backend.tests.test_new_features.TestCompanyBranding" name="test_update_my_branding_requires_company" time="0.077" /><testcase classname="backend.tests.test_new_features.TestUsersWithCompanyName" name="test_list_users_shows_company_name" time="0.086" /><testcase classname="backend.tests.test_new_features.TestUsersWithCompanyName" name="test_list_users_filter_by_company" time="0.100" /><testcase classname="backend.tests.test_new_features.TestCompaniesEndpoint" name="test_list_companies" time="0.092" /><testcase classname="backend.tests.test_new_features.TestCompaniesEndpoint" name="test_companies_requires_sysadmin" time="0.078" /></testsuite></testsuites>