<?xml version="1.0" encoding="utf-8"?><testsuites name="pytest tests"><testsuite name="pytest" errors="0" failures="0" skipped="0" tests="14" time="2.295" timestamp="2026-04-29T21:20:10.720233+00:00" hostname="agent-env-798cb38a-7e56-4623-915d-8b3c98e1bba6"><testcase classname="tests.test_sso_redirect.TestAuthLogin" name="test_login_success_returns_access_token" time="0.453" /><testcase classname="tests.test_sso_redirect.TestAuthLogin" name="test_login_invalid_credentials_returns_401" time="0.088" /><testcase classname="tests.test_sso_redirect.TestValidateRedirect" name="test_validate_redirect_requires_auth" time="0.096" /><testcase classname="tests.test_sso_redirect.TestValidateRedirect" name="test_validate_redirect_allows_registered_app" time="0.424" /><testcase classname="tests.test_sso_redirect.TestValidateRedirect" name="test_validate_redirect_allows_registered_app_with_path" time="0.070" /><testcase classname="tests.test_sso_redirect.TestValidateRedirect" name="test_validate_redirect_denies_unregistered_app" time="0.071" /><testcase classname="tests.test_sso_redirect.TestValidateRedirect" name="test_validate_redirect_denies_invalid_url" time="0.070" /><testcase classname="tests.test_sso_redirect.TestValidateRedirect" name="test_validate_redirect_requires_https_for_non_localhost" time="0.073" /><testcase classname="tests.test_sso_redirect.TestAppsEndpoint" name="test_apps_requires_auth" time="0.104" /><testcase classname="tests.test_sso_redirect.TestAppsEndpoint" name="test_apps_returns_registered_apps" time="0.079" /><testcase classname="tests.test_sso_redirect.TestAppsEndpoint" name="test_apps_returns_correct_structure" time="0.074" /><testcase classname="tests.test_sso_redirect.TestSSORedirectFlow" name="test_login_and_validate_redirect_flow" time="0.444" /><testcase classname="tests.test_sso_redirect.TestTokenVerification" name="test_verify_token_returns_user_info" time="0.071" /><testcase classname="tests.test_sso_redirect.TestTokenVerification" name="test_verify_token_invalid_returns_false" time="0.069" /></testsuite></testsuites>