<?xml version="1.0" encoding="utf-8"?><testsuites name="pytest tests"><testsuite name="pytest" errors="0" failures="0" skipped="0" tests="28" time="6.744" timestamp="2026-04-19T12:53:07.631604+00:00" hostname="agent-env-798cb38a-7e56-4623-915d-8b3c98e1bba6"><testcase classname="tests.test_refactored_backend.TestHealthAndRoot" name="test_root_endpoint" time="0.091" /><testcase classname="tests.test_refactored_backend.TestHealthAndRoot" name="test_health_endpoint" time="0.086" /><testcase classname="tests.test_refactored_backend.TestAuthRoutes" name="test_login_success" time="0.320" /><testcase classname="tests.test_refactored_backend.TestAuthRoutes" name="test_login_invalid_credentials" time="0.095" /><testcase classname="tests.test_refactored_backend.TestAuthRoutes" name="test_get_current_user" time="0.419" /><testcase classname="tests.test_refactored_backend.TestAuthRoutes" name="test_verify_token" time="0.082" /><testcase classname="tests.test_refactored_backend.TestAuthRoutes" name="test_magic_link_request" time="0.099" /><testcase classname="tests.test_refactored_backend.TestAdminRoutes" name="test_get_audit_logs" time="0.404" /><testcase classname="tests.test_refactored_backend.TestAdminRoutes" name="test_get_audit_logs_with_filters" time="0.088" /><testcase classname="tests.test_refactored_backend.TestAdminRoutes" name="test_get_audit_actions" time="0.102" /><testcase classname="tests.test_refactored_backend.TestAdminRoutes" name="test_get_migration_status" time="0.111" /><testcase classname="tests.test_refactored_backend.TestAdminRoutes" name="test_get_pending_migrations" time="0.102" /><testcase classname="tests.test_refactored_backend.TestAdminRoutes" name="test_get_schema_changelog" time="0.094" /><testcase classname="tests.test_refactored_backend.TestAdminRoutes" name="test_audit_logs_require_sysadmin" time="0.084" /><testcase classname="tests.test_refactored_backend.TestEmailRoutes" name="test_email_status" time="0.425" /><testcase classname="tests.test_refactored_backend.TestEmailRoutes" name="test_email_templates" time="0.084" /><testcase classname="tests.test_refactored_backend.TestEmailRoutes" name="test_send_email_mock" time="0.082" /><testcase classname="tests.test_refactored_backend.TestEmailRoutes" name="test_email_requires_auth" time="0.079" /><testcase classname="tests.test_refactored_backend.TestCompaniesRoutes" name="test_list_companies" time="0.390" /><testcase classname="tests.test_refactored_backend.TestCompaniesRoutes" name="test_get_company_branding" time="0.205" /><testcase classname="tests.test_refactored_backend.TestCompaniesRoutes" name="test_companies_require_sysadmin" time="0.071" /><testcase classname="tests.test_refactored_backend.TestUsersRoutes" name="test_list_users" time="0.402" /><testcase classname="tests.test_refactored_backend.TestUsersRoutes" name="test_create_and_delete_user" time="0.439" /><testcase classname="tests.test_refactored_backend.TestAppsRoutes" name="test_list_apps" time="0.396" /><testcase classname="tests.test_refactored_backend.TestRolesRoutes" name="test_list_roles" time="0.394" /><testcase classname="tests.test_refactored_backend.TestLaunchpadRoute" name="test_get_launchpad" time="0.403" /><testcase classname="tests.test_refactored_backend.TestAuditLoggingCapture" name="test_audit_log_captures_user_creation" time="0.844" /><testcase classname="tests.test_refactored_backend.TestAuditLoggingCapture" name="test_audit_log_captures_role_creation" time="0.254" /></testsuite></testsuites>