<?xml version="1.0" encoding="utf-8"?><testsuites name="pytest tests"><testsuite name="pytest" errors="0" failures="2" skipped="0" tests="27" time="7.865" timestamp="2026-04-07T21:31:23.622707+00:00" hostname="agent-env-798cb38a-7e56-4623-915d-8b3c98e1bba6"><testcase classname="backend.tests.test_identity_platform.TestHealthAndBasics" name="test_health_endpoint" time="0.250" /><testcase classname="backend.tests.test_identity_platform.TestHealthAndBasics" name="test_root_endpoint" time="0.112" /><testcase classname="backend.tests.test_identity_platform.TestAuthenticationFlow" name="test_login_with_current_admin" time="0.390" /><testcase classname="backend.tests.test_identity_platform.TestAuthenticationFlow" name="test_login_invalid_credentials" time="0.109" /><testcase classname="backend.tests.test_identity_platform.TestAuthenticationFlow" name="test_bootstrap_admin_not_available" time="0.087" /><testcase classname="backend.tests.test_identity_platform.TestJWTTokenValidation" name="test_jwt_payload_structure" time="0.334" /><testcase classname="backend.tests.test_identity_platform.TestJWTTokenValidation" name="test_jwt_expiration_15_minutes" time="0.326" /><testcase classname="backend.tests.test_identity_platform.TestJWTTokenValidation" name="test_auth_verify_endpoint" time="0.414" /><testcase classname="backend.tests.test_identity_platform.TestAuthMe" name="test_get_current_user" time="0.440" /><testcase classname="backend.tests.test_identity_platform.TestAuthMe" name="test_auth_me_without_token" time="0.099" /><testcase classname="backend.tests.test_identity_platform.TestAPIKeyAuthentication" name="test_create_api_key_verify_only" time="0.379" /><testcase classname="backend.tests.test_identity_platform.TestAPIKeyAuthentication" name="test_api_key_authentication_on_auth_me" time="0.514" /><testcase classname="backend.tests.test_identity_platform.TestAPIKeyAuthentication" name="test_list_api_keys" time="0.412" /><testcase classname="backend.tests.test_identity_platform.TestAPIKeyAuthentication" name="test_invalid_api_key" time="0.095" /><testcase classname="backend.tests.test_identity_platform.TestIdentityContext" name="test_identity_context_endpoint" time="0.434" /><testcase classname="backend.tests.test_identity_platform.TestIdentityContext" name="test_identity_context_without_auth" time="0.105" /><testcase classname="backend.tests.test_identity_platform.TestLogout" name="test_logout_endpoint" time="0.385" /><testcase classname="backend.tests.test_identity_platform.TestRefreshToken" name="test_refresh_without_cookie" time="0.100" /><testcase classname="backend.tests.test_identity_platform.TestRefreshToken" name="test_login_sets_refresh_cookie" time="0.386" /><testcase classname="backend.tests.test_identity_platform.TestCORSConfiguration" name="test_cors_not_wildcard" time="0.057"><failure message="AssertionError: CORS should not be wildcard *&#10;assert '*' != '*'">backend/tests/test_identity_platform.py:377: in test_cors_not_wildcard
    assert cors_origin != "*", "CORS should not be wildcard *"
E   AssertionError: CORS should not be wildcard *
E   assert '*' != '*'</failure></testcase><testcase classname="backend.tests.test_identity_platform.TestCORSConfiguration" name="test_cors_allows_credentials" time="0.051"><failure message="AssertionError: CORS should allow credentials&#10;assert '' == 'true'&#10;  &#10;  - true">backend/tests/test_identity_platform.py:391: in test_cors_allows_credentials
    assert allow_credentials.lower() == "true", "CORS should allow credentials"
E   AssertionError: CORS should allow credentials
E   assert '' == 'true'
E     
E     - true</failure></testcase><testcase classname="backend.tests.test_identity_platform.TestChangeCredentialsEndpoint" name="test_change_credentials_requires_auth" time="0.095" /><testcase classname="backend.tests.test_identity_platform.TestChangeCredentialsEndpoint" name="test_change_credentials_not_required_for_normal_user" time="0.368" /><testcase classname="backend.tests.test_identity_platform.TestAdminEndpoints" name="test_list_users" time="0.383" /><testcase classname="backend.tests.test_identity_platform.TestAdminEndpoints" name="test_list_apps" time="0.386" /><testcase classname="backend.tests.test_identity_platform.TestAdminEndpoints" name="test_list_roles" time="0.383" /><testcase classname="backend.tests.test_identity_platform.TestAdminEndpoints" name="test_launchpad" time="0.425" /></testsuite></testsuites>